2026-01-05 03:23:01,927 - INFO - Starting data fetching process for ticker: MTCH, period: annual, output directory: ./output
2026-01-05 03:23:01,928 - INFO - Fetching income_statement data for period annual...
2026-01-05 03:23:07,486 - INFO - Successfully saved MTCH_income_statement_annual.csv
2026-01-05 03:23:07,486 - INFO - Fetching balance_sheet data for period annual...
2026-01-05 03:23:12,884 - INFO - Successfully saved MTCH_balance_sheet_annual.csv
2026-01-05 03:23:12,884 - INFO - Fetching cash_flow_statement data for period annual...
2026-01-05 03:23:19,306 - INFO - Successfully saved MTCH_cash_flow_statement_annual.csv
2026-01-05 03:23:19,306 - INFO - Fetching ratios data for period annual...
2026-01-05 03:23:24,772 - INFO - Successfully saved MTCH_ratios_annual.csv
2026-01-05 03:23:24,772 - INFO - Fetching enterprise_values data for period annual...
2026-01-05 03:23:31,240 - INFO - Successfully saved MTCH_enterprise_values_annual.csv
2026-01-05 03:23:31,240 - INFO - Fetching financial_growth data for period annual...
2026-01-05 03:23:36,751 - INFO - Successfully saved MTCH_financial_growth_annual.csv
2026-01-05 03:23:36,751 - INFO - Fetching balance_sheet_growth data for period annual...
2026-01-05 03:23:42,221 - INFO - Successfully saved MTCH_balance_sheet_growth_annual.csv
2026-01-05 03:23:42,221 - INFO - Fetching income_statement_growth data for period annual...
2026-01-05 03:23:47,601 - INFO - Successfully saved MTCH_income_statement_growth_annual.csv
2026-01-05 03:23:47,601 - INFO - Fetching cash_flow_statement_growth data for period annual...
2026-01-05 03:23:53,120 - INFO - Successfully saved MTCH_cash_flow_statement_growth_annual.csv
2026-01-05 03:23:53,120 - INFO - Fetching key_metrics data for period annual...
2026-01-05 03:23:58,751 - INFO - Successfully saved MTCH_key_metrics_annual.csv
2026-01-05 03:23:58,751 - INFO - Fetching analyst_estimates data for period annual...
2026-01-05 03:24:04,324 - INFO - Successfully saved MTCH_analyst_estimates_annual.csv
2026-01-05 03:24:04,324 - INFO - Fetching owner_earnings data...
2026-01-05 03:24:09,769 - INFO - Successfully saved MTCH_owner_earnings.csv
2026-01-05 03:24:09,769 - INFO - Fetching score data...
2026-01-05 03:24:16,148 - INFO - Successfully saved MTCH_score.csv
2026-01-05 03:24:16,148 - INFO - Fetching key_metrics_ttm data...
2026-01-05 03:24:21,495 - INFO - Successfully saved MTCH_key_metrics_ttm.csv
2026-01-05 03:24:21,496 - INFO - Fetching ratios_ttm data...
2026-01-05 03:24:27,229 - INFO - Successfully saved MTCH_ratios_ttm.csv
2026-01-05 03:24:27,229 - INFO - Fetching discounted_cash_flow data...
2026-01-05 03:24:32,634 - INFO - Successfully saved MTCH_discounted_cash_flow.csv
2026-01-05 03:24:32,634 - INFO - Fetching advanced_dcf data...
2026-01-05 03:24:38,042 - INFO - Successfully saved MTCH_advanced_dcf.csv
2026-01-05 03:24:38,043 - INFO - Fetching advanced_levered_dcf data...
2026-01-05 03:24:43,619 - INFO - Successfully saved MTCH_advanced_levered_dcf.csv
2026-01-05 03:24:43,619 - INFO - Fetching rating data...
2026-01-05 03:24:49,117 - INFO - Successfully saved MTCH_rating.csv
2026-01-05 03:24:49,117 - INFO - Fetching historical_rating data...
