2026-01-02 08:38:02,486 - INFO - Starting data fetching process for ticker: CSCO, period: annual, output directory: data
2026-01-02 08:38:02,486 - INFO - Fetching income_statement data for period annual...
2026-01-02 08:38:02,828 - INFO - Successfully saved CSCO_income_statement_annual.csv
2026-01-02 08:38:02,829 - INFO - Fetching balance_sheet data for period annual...
2026-01-02 08:38:03,184 - INFO - Successfully saved CSCO_balance_sheet_annual.csv
2026-01-02 08:38:03,184 - INFO - Fetching cash_flow_statement data for period annual...
2026-01-02 08:38:03,516 - INFO - Successfully saved CSCO_cash_flow_statement_annual.csv
2026-01-02 08:38:03,516 - INFO - Fetching ratios data for period annual...
2026-01-02 08:38:03,928 - INFO - Successfully saved CSCO_ratios_annual.csv
2026-01-02 08:38:03,928 - INFO - Fetching enterprise_values data for period annual...
2026-01-02 08:38:04,260 - INFO - Successfully saved CSCO_enterprise_values_annual.csv
2026-01-02 08:38:04,261 - INFO - Fetching financial_growth data for period annual...
2026-01-02 08:38:04,667 - INFO - Successfully saved CSCO_financial_growth_annual.csv
2026-01-02 08:38:04,667 - INFO - Fetching balance_sheet_growth data for period annual...
2026-01-02 08:38:05,086 - INFO - Successfully saved CSCO_balance_sheet_growth_annual.csv
2026-01-02 08:38:05,086 - INFO - Fetching income_statement_growth data for period annual...
2026-01-02 08:38:05,426 - INFO - Successfully saved CSCO_income_statement_growth_annual.csv
2026-01-02 08:38:05,426 - INFO - Fetching cash_flow_statement_growth data for period annual...
2026-01-02 08:38:05,768 - INFO - Successfully saved CSCO_cash_flow_statement_growth_annual.csv
2026-01-02 08:38:05,768 - INFO - Fetching key_metrics data for period annual...
2026-01-02 08:38:06,205 - INFO - Successfully saved CSCO_key_metrics_annual.csv
2026-01-02 08:38:06,205 - INFO - Fetching analyst_estimates data for period annual...
2026-01-02 08:38:06,572 - INFO - Successfully saved CSCO_analyst_estimates_annual.csv
2026-01-02 08:38:06,572 - INFO - Fetching owner_earnings data...
2026-01-02 08:38:06,899 - INFO - Successfully saved CSCO_owner_earnings.csv
2026-01-02 08:38:06,899 - INFO - Fetching score data...
2026-01-02 08:38:07,223 - INFO - Successfully saved CSCO_score.csv
2026-01-02 08:38:07,224 - INFO - Fetching key_metrics_ttm data...
2026-01-02 08:38:07,638 - INFO - Successfully saved CSCO_key_metrics_ttm.csv
2026-01-02 08:38:07,638 - INFO - Fetching ratios_ttm data...
2026-01-02 08:38:07,970 - INFO - Successfully saved CSCO_ratios_ttm.csv
2026-01-02 08:38:07,970 - INFO - Fetching discounted_cash_flow data...
2026-01-02 08:38:08,307 - INFO - Successfully saved CSCO_discounted_cash_flow.csv
2026-01-02 08:38:08,307 - INFO - Fetching advanced_dcf data...
2026-01-02 08:38:08,628 - INFO - Successfully saved CSCO_advanced_dcf.csv
2026-01-02 08:38:08,628 - INFO - Fetching advanced_levered_dcf data...
2026-01-02 08:38:08,956 - INFO - Successfully saved CSCO_advanced_levered_dcf.csv
2026-01-02 08:38:08,956 - INFO - Fetching rating data...
2026-01-02 08:38:09,299 - INFO - Successfully saved CSCO_rating.csv
2026-01-02 08:38:09,300 - INFO - Fetching historical_rating data...
2026-01-02 08:38:09,975 - INFO - Successfully saved CSCO_historical_rating.csv
2026-01-02 08:38:09,975 - INFO - Fetching employee_count data...
2026-01-02 08:38:10,308 - INFO - Successfully saved CSCO_employee_count.csv
2026-01-02 08:38:10,309 - INFO - Fetching shares_float data...
2026-01-02 08:38:10,641 - INFO - Successfully saved CSCO_shares_float.csv
2026-01-02 08:38:10,641 - INFO - Fetching analyst_recommendations data...
2026-01-02 08:38:10,986 - INFO - Successfully saved CSCO_analyst_recommendations.csv
2026-01-02 08:38:10,987 - INFO - Fetching historical_market_cap data...
2026-01-02 08:38:11,335 - INFO - Successfully saved CSCO_historical_market_cap.csv
2026-01-02 08:38:11,335 - INFO - Fetching earning_calendar data...
2026-01-02 08:38:12,093 - INFO - Successfully saved CSCO_earning_calendar.csv
2026-01-02 08:38:12,093 - INFO - Fetching institutional_holder data...
2026-01-02 08:38:12,651 - INFO - Successfully saved CSCO_institutional_holder.csv
2026-01-02 08:38:12,651 - INFO - Fetching etf_sector_weightings data...
2026-01-02 08:38:12,978 - INFO - Successfully saved CSCO_etf_sector_weightings.csv
2026-01-02 08:38:12,978 - INFO - Fetching stock_price_change data...
2026-01-02 08:38:13,305 - INFO - Successfully saved CSCO_stock_price_change.csv
2026-01-02 08:38:13,305 - INFO - Fetching historical sectors performance data...
2026-01-02 08:38:13,633 - INFO - Successfully saved historical_sectors_performance.csv
2026-01-02 08:38:13,633 - INFO - Fetching combined historical price data...
2026-01-02 08:38:15,014 - INFO - Successfully saved CSCO_historical_prices.csv with 1295 records
2026-01-02 08:38:15,014 - INFO - Fetching insider trading all data...
2026-01-02 08:38:15,351 - INFO - Successfully saved CSCO_insider_trading_all.csv
2026-01-02 08:38:15,351 - INFO - Fetching insider trading purchases data...
2026-01-02 08:38:15,831 - INFO - Successfully saved CSCO_insider_trading_purchases.csv
2026-01-02 08:38:15,831 - INFO - Fetching insider trading sales data...
2026-01-02 08:38:16,179 - INFO - Successfully saved CSCO_insider_trading_sales.csv
2026-01-02 08:38:16,179 - INFO - Fetching technical indicators data...
2026-01-02 08:38:24,192 - INFO - Successfully saved CSCO_technical_indicators.csv
2026-01-02 08:38:24,192 - INFO - Data fetching process completed.
